<?xml version="1.0" encoding="UTF-8"?>
<!-- Generated by org.testng.reporters.JUnitReportReporter -->
<testsuite hostname="DESKTOP-J2H0F2Q" failures="0" tests="2" name="QAanand.MavenJava.AppiumTest" time="0.009" errors="0" timestamp="2021-07-24T15:08:55 IST" skipped="0">
  <testcase classname="QAanand.MavenJava.AppiumTest" name="NativeAppAndroid" time="0.009"/>
  <system-out/>
  <testcase classname="QAanand.MavenJava.AppiumTest" name="IOSapp" time="0.000"/>
  <system-out/>
</testsuite> <!-- QAanand.MavenJava.AppiumTest -->
