<?xml version="1.0" encoding="UTF-8"?>
<!-- Generated by org.testng.reporters.JUnitReportReporter -->
<testsuite hostname="DESKTOP-J2H0F2Q" failures="0" tests="2" name="QAanand.MavenJava.SeleniumTest" time="0.002" errors="0" timestamp="2021-07-25T22:03:27 IST" skipped="0">
  <testcase classname="QAanand.MavenJava.SeleniumTest" name="BrowserAutomation" time="0.002"/>
  <system-out/>
  <testcase classname="QAanand.MavenJava.SeleniumTest" name="elementsUI" time="0.000"/>
  <system-out/>
</testsuite> <!-- QAanand.MavenJava.SeleniumTest -->
