<?xml version="1.0" encoding="UTF-8"?>
<!-- Generated by org.testng.reporters.JUnitReportReporter -->
<testsuite hostname="DESKTOP-J2H0F2Q" failures="0" tests="2" name="QAanand.MavenJava.RestAPI" time="0.008" errors="0" timestamp="2021-07-25T22:03:27 IST" skipped="0">
  <testcase classname="QAanand.MavenJava.RestAPI" name="deleteTwitter" time="0.007"/>
  <system-out/>
  <testcase classname="QAanand.MavenJava.RestAPI" name="postJira" time="0.001"/>
  <system-out/>
</testsuite> <!-- QAanand.MavenJava.RestAPI -->
