<?xml version="1.0" encoding="UTF-8"?>
<!-- Generated by org.testng.reporters.JUnitReportReporter -->
<testsuite hostname="DESKTOP-J2H0F2Q" failures="0" tests="1" name="QAanand.MavenJava.AppTest" time="0.013" errors="0" timestamp="2021-07-24T15:21:59 IST" skipped="0">
  <testcase classname="QAanand.MavenJava.AppTest" name="shouldAnswerWithTrue" time="0.013"/>
  <system-out/>
</testsuite> <!-- QAanand.MavenJava.AppTest -->
